<?xml version="1.0" encoding="UTF-8"?>
<!-- Generated by org.testng.reporters.JUnitReportReporter -->
<testsuite hostname="AkshaySeeram" failures="0" tests="3" name="com.comcast.crm.contacttest.ContactTC" time="27.463" errors="0" timestamp="04 Sep 2023 11:14:27 GMT" skipped="0">
  <testcase classname="com.comcast.crm.contacttest.ContactTC" name="createcontactwithorg" time="10.081"/>
  <testcase classname="com.comcast.crm.contacttest.ContactTC" name="createcontact" time="8.821"/>
  <testcase classname="com.comcast.crm.contacttest.ContactTC" name="createcontactwithsupportdate" time="8.561"/>
</testsuite> <!-- com.comcast.crm.contacttest.ContactTC -->
