<?xml version="1.0" encoding="UTF-8"?>
<!-- Generated by org.testng.reporters.JUnitReportReporter -->
<testsuite hostname="AkshaySeeram" failures="0" tests="1" name="com.comcast.crm.contacttest.CreateContact" time="17.446" errors="0" timestamp="28 Aug 2023 11:31:08 GMT" skipped="0">
  <testcase classname="com.comcast.crm.contacttest.CreateContact" name="createcontact" time="17.446"/>
</testsuite> <!-- com.comcast.crm.contacttest.CreateContact -->
