<?xml version="1.0" encoding="UTF-8"?>
<!-- Generated by org.testng.reporters.JUnitReportReporter -->
<testsuite hostname="AkshaySeeram" failures="0" tests="3" name="com.comcast.crm.orgtest.OrgTC" time="28.098" errors="0" timestamp="04 Sep 2023 11:14:27 GMT" skipped="0">
  <testcase classname="com.comcast.crm.orgtest.OrgTC" name="createcontactwithsupportdate" time="9.513"/>
  <testcase classname="com.comcast.crm.orgtest.OrgTC" name="createorgwithindustry" time="9.496"/>
  <testcase classname="com.comcast.crm.orgtest.OrgTC" name="createorg" time="9.089"/>
</testsuite> <!-- com.comcast.crm.orgtest.OrgTC -->
