<?xml version="1.0" encoding="UTF-8"?>
<!-- Generated by org.testng.reporters.JUnitReportReporter -->
<testsuite hostname="AkshaySeeram" failures="0" tests="1" name="Selenium.Xml" time="0.022" errors="0" timestamp="28 Aug 2023 11:22:13 GMT" skipped="0">
  <testcase classname="Selenium.Xml" name="sampleTest" time="0.022"/>
</testsuite> <!-- Selenium.Xml -->
