<?xml version="1.0" encoding="UTF-8"?>
<!-- Generated by org.testng.reporters.JUnitReportReporter -->
<testsuite hostname="AkshaySeeram" failures="0" tests="1" name="Selenium.Retry" time="28.174" errors="0" timestamp="06 Sep 2023 07:04:26 GMT" skipped="0">
  <testcase classname="Selenium.Retry" name="demoRetry" time="28.174"/>
</testsuite> <!-- Selenium.Retry -->
