<?xml version="1.0" encoding="UTF-8"?>
<!-- Generated by org.testng.reporters.JUnitReportReporter -->
<testsuite hostname="AkshaySeeram" failures="0" tests="1" name="Selenium.ExtentReport" time="0.507" errors="0" timestamp="31 Aug 2023 11:33:33 GMT" skipped="0">
  <testcase classname="Selenium.ExtentReport" name="extentRepo" time="0.507"/>
</testsuite> <!-- Selenium.ExtentReport -->
